<html>
<head>
<title>TestNG:  Default test</title>
<link href="../testng.css" rel="stylesheet" type="text/css" />
<link href="../my-testng.css" rel="stylesheet" type="text/css" />

<style type="text/css">
.log { display: none;} 
.stack-trace { display: none;} 
</style>
<script type="text/javascript">
<!--
function flip(e) {
  current = e.style.display;
  if (current == 'block') {
    e.style.display = 'none';
    return 0;
  }
  else {
    e.style.display = 'block';
    return 1;
  }
}

function toggleBox(szDivId, elem, msg1, msg2)
{
  var res = -1;  if (document.getElementById) {
    res = flip(document.getElementById(szDivId));
  }
  else if (document.all) {
    // this is the way old msie versions work
    res = flip(document.all[szDivId]);
  }
  if(elem) {
    if(res == 0) elem.innerHTML = msg1; else elem.innerHTML = msg2;
  }

}

function toggleAllBoxes() {
  if (document.getElementsByTagName) {
    d = document.getElementsByTagName('div');
    for (i = 0; i < d.length; i++) {
      if (d[i].className == 'log') {
        flip(d[i]);
      }
    }
  }
}

// -->
</script>

</head>
<body>
<h2 align='center'>Default test</h2><table border='1' align="center">
<tr>
<td>Tests passed/Failed/Skipped:</td><td>39/1/0</td>
</tr><tr>
<td>Started on:</td><td>Fri Dec 15 14:02:03 MST 2017</td>
</tr>
<tr><td>Total time:</td><td>380 seconds (380214 ms)</td>
</tr><tr>
<td>Included groups:</td><td></td>
</tr><tr>
<td>Excluded groups:</td><td></td>
</tr>
</table><p/>
<small><i>(Hover the method name to see the test class name)</i></small><p/>
<table width='100%' border='1' class='invocation-failed'>
<tr><td colspan='4' align='center'><b>FAILED TESTS</b></td></tr>
<tr><td><b>Test method</b></td>
<td width="30%"><b>Exception</b></td>
<td width="10%"><b>Time (seconds)</b></td>
<td><b>Instance</b></td>
</tr>
<tr>
<td title='com.ibm.automation.DpEpassTestNG.TC_003_FPCreateRelatioshipSplitRate_US()'><b>TC_003_FPCreateRelatioshipSplitRate_US</b><br>Test class: com.ibm.automation.DpEpassTestNG</td>
<td><div><pre>org.openqa.selenium.TimeoutException: Timed out after 60 seconds waiting for presence of element located by: By.xpath: //*[@id=&apos;supplierId&apos;]
Build info: version: &apos;2.53.1&apos;, revision: &apos;a36b8b1&apos;, time: &apos;2016-06-30 17:37:03&apos;
System info: host: &apos;LAPTOP-4LL4BIDP&apos;, ip: &apos;10.50.56.1&apos;, os.name: &apos;Windows 10&apos;, os.arch: &apos;amd64&apos;, os.version: &apos;10.0&apos;, java.version: &apos;1.8.0_152&apos;
Driver info: org.openqa.selenium.firefox.FirefoxDriver
Capabilities [{applicationCacheEnabled=true, rotatable=false, handlesAlerts=true, databaseEnabled=true, version=46.0, platform=WINDOWS, nativeEvents=false, acceptSslCerts=true, webStorageEnabled=true, locationContextEnabled=true, browserName=firefox, takesScreenshot=true, javascriptEnabled=true, cssSelectorsEnabled=true}]
Session ID: 93384ba5-8dde-4342-926e-8c2fcc34753e
	at org.openqa.selenium.support.ui.WebDriverWait.timeoutException(WebDriverWait.java:80)
	at org.openqa.selenium.support.ui.FluentWait.until(FluentWait.java:261)
	at com.ibm.automation.FwPerformAction.funcEditSendKeys(FwPerformAction.java:110)
	at com.ibm.automation.FPSupplierLib.funcFPCreateRelatioshipSplitRate(FPSupplierLib.java:273)
	at com.ibm.automation.DpEpassTestNG.TC_003_FPCreateRelatioshipSplitRate_US(DpEpassTestNG.java:82)
	at sun.reflect.NativeMethodAccessorImpl.invoke0(Native Method)
	at sun.reflect.NativeMethodAccessorImpl.invoke(Unknown Source)
	at sun.reflect.DelegatingMethodAccessorImpl.invoke(Unknown Source)
	at java.lang.reflect.Method.invoke(Unknown Source)
	at org.testng.internal.MethodInvocationHelper.invokeMethod(MethodInvocationHelper.java:108)
	at org.testng.internal.Invoker.invokeMethod(Invoker.java:669)
	at org.testng.internal.Invoker.invokeTestMethod(Invoker.java:877)
	at org.testng.internal.Invoker.invokeTestMethods(Invoker.java:1201)
	at org.testng.internal.TestMethodWorker.invokeTestMethods(TestMethodWorker.java:125)
	at org.testng.internal.TestMethodWorker.run(TestMethodWorker.java:109)
	at org.testng.TestRunner.privateRun(TestRunner.java:776)
	at org.testng.TestRunner.run(TestRunner.java:634)
	at org.testng.SuiteRunner.runTest(SuiteRunner.java:425)
	at org.testng.SuiteRunner.runSequentially(SuiteRunner.java:420)
	at org.testng.SuiteRunner.privateRun(SuiteRunner.java:385)
	at org.testng.SuiteRunner.run(SuiteRunner.java:334)
	at org.testng.SuiteRunnerWorker.runSuite(SuiteRunnerWorker.java:52)
	at org.testng.SuiteRunnerWorker.run(SuiteRunnerWorker.java:86)
	at org.testng.TestNG.runSuitesSequentially(TestNG.java:1318)
	at org.testng.TestNG.runSuitesLocally(TestNG.java:1243)
	at org.testng.TestNG.runSuites(TestNG.java:1161)
	at org.testng.TestNG.run(TestNG.java:1129)
	at org.testng.remote.AbstractRemoteTestNG.run(AbstractRemoteTestNG.java:114)
	at org.testng.remote.RemoteTestNG.initAndRun(RemoteTestNG.java:251)
	at org.testng.remote.RemoteTestNG.main(RemoteTestNG.java:77)
Caused by: org.openqa.selenium.NoSuchElementException: Unable to locate element: {&quot;method&quot;:&quot;xpath&quot;,&quot;selector&quot;:&quot;//*[@id=&apos;supplierId&apos;]&quot;}
Command duration or timeout: 22 milliseconds
For documentation on this error, please visit: http://seleniumhq.org/exceptions/no_such_element.html
Build info: version: &apos;2.53.1&apos;, revision: &apos;a36b8b1&apos;, time: &apos;2016-06-30 17:37:03&apos;
System info: host: &apos;LAPTOP-4LL4BIDP&apos;, ip: &apos;10.50.56.1&apos;, os.name: &apos;Windows 10&apos;, os.arch: &apos;amd64&apos;, os.version: &apos;10.0&apos;, java.version: &apos;1.8.0_152&apos;
Driver info: org.openqa.selenium.firefox.FirefoxDriver
Capabilities [{applicationCacheEnabled=true, rotatable=false, handlesAlerts=true, databaseEnabled=true, version=46.0, platform=WINDOWS, nativeEvents=false, acceptSslCerts=true, webStorageEnabled=true, locationContextEnabled=true, browserName=firefox, takesScreenshot=true, javascriptEnabled=true, cssSelectorsEnabled=true}]
Session ID: 93384ba5-8dde-4342-926e-8c2fcc34753e
*** Element info: {Using=xpath, value=//*[@id=&apos;supplierId&apos;]}
	at sun.reflect.GeneratedConstructorAccessor30.newInstance(Unknown Source)
	at sun.reflect.DelegatingConstructorAccessorImpl.newInstance(Unknown Source)
	at java.lang.reflect.Constructor.newInstance(Unknown Source)
	at org.openqa.selenium.remote.ErrorHandler.createThrowable(ErrorHandler.java:206)
	at org.openqa.selenium.remote.ErrorHandler.throwIfResponseFailed(ErrorHandler.java:158)
	at org.openqa.selenium.remote.RemoteWebDriver.execute(RemoteWebDriver.java:678)
	at org.openqa.selenium.remote.RemoteWebDriver.findElement(RemoteWebDriver.java:363)
	at org.openqa.selenium.remote.RemoteWebDriver.findElementByXPath(RemoteWebDriver.java:500)
	at org.openqa.selenium.By$ByXPath.findElement(By.java:361)
	at org.openqa.selenium.remote.RemoteWebDriver.findElement(RemoteWebDriver.java:355)
	at org.openqa.selenium.support.ui.ExpectedConditions.findElement(ExpectedConditions.java:899)
	at org.openqa.selenium.support.ui.ExpectedConditions.access$0(ExpectedConditions.java:897)
	at org.openqa.selenium.support.ui.ExpectedConditions$6.apply(ExpectedConditions.java:181)
	at org.openqa.selenium.support.ui.ExpectedConditions$6.apply(ExpectedConditions.java:1)
	at org.openqa.selenium.support.ui.FluentWait.until(FluentWait.java:238)
	... 28 more
Caused by: org.openqa.selenium.NoSuchElementException: Unable to locate element: {&quot;method&quot;:&quot;xpath&quot;,&quot;selector&quot;:&quot;//*[@id=&apos;supplierId&apos;]&quot;}
For documentation on this error, please visit: http://seleniumhq.org/exceptions/no_such_element.html
Build info: version: &apos;2.53.1&apos;, revision: &apos;a36b8b1&apos;, time: &apos;2016-06-30 17:37:03&apos;
System info: host: &apos;LAPTOP-4LL4BIDP&apos;, ip: &apos;10.50.56.1&apos;, os.name: &apos;Windows 10&apos;, os.arch: &apos;amd64&apos;, os.version: &apos;10.0&apos;, java.version: &apos;1.8.0_152&apos;
Driver info: driver.version: unknown
	at &lt;anonymous class&gt;.FirefoxDriver.prototype.findElementInternal_(file:///C:/Users/SIMMIB~1/AppData/Local/Temp/anonymous8311972587800983825webdriver-profile/extensions/fxdriver@googlecode.com/components/driver-component.js:10770)
	at &lt;anonymous class&gt;.FirefoxDriver.prototype.findElement(file:///C:/Users/SIMMIB~1/AppData/Local/Temp/anonymous8311972587800983825webdriver-profile/extensions/fxdriver@googlecode.com/components/driver-component.js:10779)
	at &lt;anonymous class&gt;.DelayedCommand.prototype.executeInternal_/h(file:///C:/Users/SIMMIB~1/AppData/Local/Temp/anonymous8311972587800983825webdriver-profile/extensions/fxdriver@googlecode.com/components/command-processor.js:12661)
	at &lt;anonymous class&gt;.DelayedCommand.prototype.executeInternal_(file:///C:/Users/SIMMIB~1/AppData/Local/Temp/anonymous8311972587800983825webdriver-profile/extensions/fxdriver@googlecode.com/components/command-processor.js:12666)
	at &lt;anonymous class&gt;.DelayedCommand.prototype.execute/&lt;(file:///C:/Users/SIMMIB~1/AppData/Local/Temp/anonymous8311972587800983825webdriver-profile/extensions/fxdriver@googlecode.com/components/command-processor.js:12608)
</pre></div><a href='#' onClick='toggleBox("stack-trace265824587", this, "Click to show all stack frames", "Click to hide stack frames")'>Click to show all stack frames</a>
<div class='stack-trace' id='stack-trace265824587'><pre>org.openqa.selenium.TimeoutException: Timed out after 60 seconds waiting for presence of element located by: By.xpath: //*[@id=&apos;supplierId&apos;]
Build info: version: &apos;2.53.1&apos;, revision: &apos;a36b8b1&apos;, time: &apos;2016-06-30 17:37:03&apos;
System info: host: &apos;LAPTOP-4LL4BIDP&apos;, ip: &apos;10.50.56.1&apos;, os.name: &apos;Windows 10&apos;, os.arch: &apos;amd64&apos;, os.version: &apos;10.0&apos;, java.version: &apos;1.8.0_152&apos;
Driver info: org.openqa.selenium.firefox.FirefoxDriver
Capabilities [{applicationCacheEnabled=true, rotatable=false, handlesAlerts=true, databaseEnabled=true, version=46.0, platform=WINDOWS, nativeEvents=false, acceptSslCerts=true, webStorageEnabled=true, locationContextEnabled=true, browserName=firefox, takesScreenshot=true, javascriptEnabled=true, cssSelectorsEnabled=true}]
Session ID: 93384ba5-8dde-4342-926e-8c2fcc34753e
	at org.openqa.selenium.support.ui.WebDriverWait.timeoutException(WebDriverWait.java:80)
	at org.openqa.selenium.support.ui.FluentWait.until(FluentWait.java:261)
	at com.ibm.automation.FwPerformAction.funcEditSendKeys(FwPerformAction.java:110)
	at com.ibm.automation.FPSupplierLib.funcFPCreateRelatioshipSplitRate(FPSupplierLib.java:273)
	at com.ibm.automation.DpEpassTestNG.TC_003_FPCreateRelatioshipSplitRate_US(DpEpassTestNG.java:82)
	at sun.reflect.NativeMethodAccessorImpl.invoke0(Native Method)
	at sun.reflect.NativeMethodAccessorImpl.invoke(Unknown Source)
	at sun.reflect.DelegatingMethodAccessorImpl.invoke(Unknown Source)
	at java.lang.reflect.Method.invoke(Unknown Source)
	at org.testng.internal.MethodInvocationHelper.invokeMethod(MethodInvocationHelper.java:108)
	at org.testng.internal.Invoker.invokeMethod(Invoker.java:669)
	at org.testng.internal.Invoker.invokeTestMethod(Invoker.java:877)
	at org.testng.internal.Invoker.invokeTestMethods(Invoker.java:1201)
	at org.testng.internal.TestMethodWorker.invokeTestMethods(TestMethodWorker.java:125)
	at org.testng.internal.TestMethodWorker.run(TestMethodWorker.java:109)
	at org.testng.TestRunner.privateRun(TestRunner.java:776)
	at org.testng.TestRunner.run(TestRunner.java:634)
	at org.testng.SuiteRunner.runTest(SuiteRunner.java:425)
	at org.testng.SuiteRunner.runSequentially(SuiteRunner.java:420)
	at org.testng.SuiteRunner.privateRun(SuiteRunner.java:385)
	at org.testng.SuiteRunner.run(SuiteRunner.java:334)
	at org.testng.SuiteRunnerWorker.runSuite(SuiteRunnerWorker.java:52)
	at org.testng.SuiteRunnerWorker.run(SuiteRunnerWorker.java:86)
	at org.testng.TestNG.runSuitesSequentially(TestNG.java:1318)
	at org.testng.TestNG.runSuitesLocally(TestNG.java:1243)
	at org.testng.TestNG.runSuites(TestNG.java:1161)
	at org.testng.TestNG.run(TestNG.java:1129)
	at org.testng.remote.AbstractRemoteTestNG.run(AbstractRemoteTestNG.java:114)
	at org.testng.remote.RemoteTestNG.initAndRun(RemoteTestNG.java:251)
	at org.testng.remote.RemoteTestNG.main(RemoteTestNG.java:77)
Caused by: org.openqa.selenium.NoSuchElementException: Unable to locate element: {&quot;method&quot;:&quot;xpath&quot;,&quot;selector&quot;:&quot;//*[@id=&apos;supplierId&apos;]&quot;}
Command duration or timeout: 22 milliseconds
For documentation on this error, please visit: http://seleniumhq.org/exceptions/no_such_element.html
Build info: version: &apos;2.53.1&apos;, revision: &apos;a36b8b1&apos;, time: &apos;2016-06-30 17:37:03&apos;
System info: host: &apos;LAPTOP-4LL4BIDP&apos;, ip: &apos;10.50.56.1&apos;, os.name: &apos;Windows 10&apos;, os.arch: &apos;amd64&apos;, os.version: &apos;10.0&apos;, java.version: &apos;1.8.0_152&apos;
Driver info: org.openqa.selenium.firefox.FirefoxDriver
Capabilities [{applicationCacheEnabled=true, rotatable=false, handlesAlerts=true, databaseEnabled=true, version=46.0, platform=WINDOWS, nativeEvents=false, acceptSslCerts=true, webStorageEnabled=true, locationContextEnabled=true, browserName=firefox, takesScreenshot=true, javascriptEnabled=true, cssSelectorsEnabled=true}]
Session ID: 93384ba5-8dde-4342-926e-8c2fcc34753e
*** Element info: {Using=xpath, value=//*[@id=&apos;supplierId&apos;]}
	at sun.reflect.GeneratedConstructorAccessor30.newInstance(Unknown Source)
	at sun.reflect.DelegatingConstructorAccessorImpl.newInstance(Unknown Source)
	at java.lang.reflect.Constructor.newInstance(Unknown Source)
	at org.openqa.selenium.remote.ErrorHandler.createThrowable(ErrorHandler.java:206)
	at org.openqa.selenium.remote.ErrorHandler.throwIfResponseFailed(ErrorHandler.java:158)
	at org.openqa.selenium.remote.RemoteWebDriver.execute(RemoteWebDriver.java:678)
	at org.openqa.selenium.remote.RemoteWebDriver.findElement(RemoteWebDriver.java:363)
	at org.openqa.selenium.remote.RemoteWebDriver.findElementByXPath(RemoteWebDriver.java:500)
	at org.openqa.selenium.By$ByXPath.findElement(By.java:361)
	at org.openqa.selenium.remote.RemoteWebDriver.findElement(RemoteWebDriver.java:355)
	at org.openqa.selenium.support.ui.ExpectedConditions.findElement(ExpectedConditions.java:899)
	at org.openqa.selenium.support.ui.ExpectedConditions.access$0(ExpectedConditions.java:897)
	at org.openqa.selenium.support.ui.ExpectedConditions$6.apply(ExpectedConditions.java:181)
	at org.openqa.selenium.support.ui.ExpectedConditions$6.apply(ExpectedConditions.java:1)
	at org.openqa.selenium.support.ui.FluentWait.until(FluentWait.java:238)
	... 28 more
Caused by: org.openqa.selenium.NoSuchElementException: Unable to locate element: {&quot;method&quot;:&quot;xpath&quot;,&quot;selector&quot;:&quot;//*[@id=&apos;supplierId&apos;]&quot;}
For documentation on this error, please visit: http://seleniumhq.org/exceptions/no_such_element.html
Build info: version: &apos;2.53.1&apos;, revision: &apos;a36b8b1&apos;, time: &apos;2016-06-30 17:37:03&apos;
System info: host: &apos;LAPTOP-4LL4BIDP&apos;, ip: &apos;10.50.56.1&apos;, os.name: &apos;Windows 10&apos;, os.arch: &apos;amd64&apos;, os.version: &apos;10.0&apos;, java.version: &apos;1.8.0_152&apos;
Driver info: driver.version: unknown
	at &lt;anonymous class&gt;.FirefoxDriver.prototype.findElementInternal_(file:///C:/Users/SIMMIB~1/AppData/Local/Temp/anonymous8311972587800983825webdriver-profile/extensions/fxdriver@googlecode.com/components/driver-component.js:10770)
	at &lt;anonymous class&gt;.FirefoxDriver.prototype.findElement(file:///C:/Users/SIMMIB~1/AppData/Local/Temp/anonymous8311972587800983825webdriver-profile/extensions/fxdriver@googlecode.com/components/driver-component.js:10779)
	at &lt;anonymous class&gt;.DelayedCommand.prototype.executeInternal_/h(file:///C:/Users/SIMMIB~1/AppData/Local/Temp/anonymous8311972587800983825webdriver-profile/extensions/fxdriver@googlecode.com/components/command-processor.js:12661)
	at &lt;anonymous class&gt;.DelayedCommand.prototype.executeInternal_(file:///C:/Users/SIMMIB~1/AppData/Local/Temp/anonymous8311972587800983825webdriver-profile/extensions/fxdriver@googlecode.com/components/command-processor.js:12666)
	at &lt;anonymous class&gt;.DelayedCommand.prototype.execute/&lt;(file:///C:/Users/SIMMIB~1/AppData/Local/Temp/anonymous8311972587800983825webdriver-profile/extensions/fxdriver@googlecode.com/components/command-processor.js:12608)
</pre></div></td>
<td>128</td>
<td>com.ibm.automation.DpEpassTestNG@1d057a39</td></tr>
</table><p>
<table width='100%' border='1' class='invocation-passed'>
<tr><td colspan='4' align='center'><b>PASSED TESTS</b></td></tr>
<tr><td><b>Test method</b></td>
<td width="30%"><b>Exception</b></td>
<td width="10%"><b>Time (seconds)</b></td>
<td><b>Instance</b></td>
</tr>
<tr>
<td title='com.ibm.automation.DpEpassTestNG.TC_001_FPCreateRelatioshipBuyerFunded_US()'><b>TC_001_FPCreateRelatioshipBuyerFunded_US</b><br>Test class: com.ibm.automation.DpEpassTestNG</td>
<td></td>
<td>115</td>
<td>com.ibm.automation.DpEpassTestNG@1d057a39</td></tr>
<tr>
<td title='com.ibm.automation.DpEpassTestNG.TC_002_FPCreateRelatioshipBuyerFundedHIROC_US()'><b>TC_002_FPCreateRelatioshipBuyerFundedHIROC_US</b><br>Test class: com.ibm.automation.DpEpassTestNG</td>
<td></td>
<td>134</td>
<td>com.ibm.automation.DpEpassTestNG@1d057a39</td></tr>
<tr>
<td title='com.ibm.automation.DpEpassTestNG.TC_004_FPCreateRelatioshipSplitRateWithHIROC_US()'><b>TC_004_FPCreateRelatioshipSplitRateWithHIROC_US</b><br>Test class: com.ibm.automation.DpEpassTestNG</td>
<td></td>
<td>0</td>
<td>com.ibm.automation.DpEpassTestNG@1d057a39</td></tr>
<tr>
<td title='com.ibm.automation.DpEpassTestNG.TC_005_FPCreateRelatioshipSplitRateWithDSO_US()'><b>TC_005_FPCreateRelatioshipSplitRateWithDSO_US</b><br>Test class: com.ibm.automation.DpEpassTestNG</td>
<td></td>
<td>0</td>
<td>com.ibm.automation.DpEpassTestNG@1d057a39</td></tr>
<tr>
<td title='com.ibm.automation.DpEpassTestNG.TC_006_FPCreateRelatioshipSplitRateWithDSOHIROC_US()'><b>TC_006_FPCreateRelatioshipSplitRateWithDSOHIROC_US</b><br>Test class: com.ibm.automation.DpEpassTestNG</td>
<td></td>
<td>0</td>
<td>com.ibm.automation.DpEpassTestNG@1d057a39</td></tr>
<tr>
<td title='com.ibm.automation.DpEpassTestNG.TC_007_FPCreateRelatioshipDSO_DPO_US()'><b>TC_007_FPCreateRelatioshipDSO_DPO_US</b><br>Test class: com.ibm.automation.DpEpassTestNG</td>
<td></td>
<td>0</td>
<td>com.ibm.automation.DpEpassTestNG@1d057a39</td></tr>
<tr>
<td title='com.ibm.automation.DpEpassTestNG.TC_008_FPCreateRelatioshipProductBIPFX_US()'><b>TC_008_FPCreateRelatioshipProductBIPFX_US</b><br>Test class: com.ibm.automation.DpEpassTestNG</td>
<td></td>
<td>0</td>
<td>com.ibm.automation.DpEpassTestNG@1d057a39</td></tr>
<tr>
<td title='com.ibm.automation.DpEpassTestNG.TC_009_FPCreateRelatioshipCopybuyerFunded_US()'><b>TC_009_FPCreateRelatioshipCopybuyerFunded_US</b><br>Test class: com.ibm.automation.DpEpassTestNG</td>
<td></td>
<td>0</td>
<td>com.ibm.automation.DpEpassTestNG@1d057a39</td></tr>
<tr>
<td title='com.ibm.automation.DpEpassTestNG.TC_010_FPCreateRelatioshipCopybuyerFundedHIROC_US()'><b>TC_010_FPCreateRelatioshipCopybuyerFundedHIROC_US</b><br>Test class: com.ibm.automation.DpEpassTestNG</td>
<td></td>
<td>0</td>
<td>com.ibm.automation.DpEpassTestNG@1d057a39</td></tr>
<tr>
<td title='com.ibm.automation.DpEpassTestNG.TC_011_FPCreateRelatioshipCopySplitRate_US()'><b>TC_011_FPCreateRelatioshipCopySplitRate_US</b><br>Test class: com.ibm.automation.DpEpassTestNG</td>
<td></td>
<td>0</td>
<td>com.ibm.automation.DpEpassTestNG@1d057a39</td></tr>
<tr>
<td title='com.ibm.automation.DpEpassTestNG.TC_012_FPCreateRelatioshipCopySplitRateHIROC_US()'><b>TC_012_FPCreateRelatioshipCopySplitRateHIROC_US</b><br>Test class: com.ibm.automation.DpEpassTestNG</td>
<td></td>
<td>0</td>
<td>com.ibm.automation.DpEpassTestNG@1d057a39</td></tr>
<tr>
<td title='com.ibm.automation.DpEpassTestNG.TC_013_FPCreateRelatioshipCopySplitRateDSO_US()'><b>TC_013_FPCreateRelatioshipCopySplitRateDSO_US</b><br>Test class: com.ibm.automation.DpEpassTestNG</td>
<td></td>
<td>0</td>
<td>com.ibm.automation.DpEpassTestNG@1d057a39</td></tr>
<tr>
<td title='com.ibm.automation.DpEpassTestNG.TC_014_FPCreateRelatioshipCopySplitRateHIROCDSO_US()'><b>TC_014_FPCreateRelatioshipCopySplitRateHIROCDSO_US</b><br>Test class: com.ibm.automation.DpEpassTestNG</td>
<td></td>
<td>0</td>
<td>com.ibm.automation.DpEpassTestNG@1d057a39</td></tr>
<tr>
<td title='com.ibm.automation.DpEpassTestNG.TC_015_FPCreateRelatioshipCopySupplierBuyerFunded_US()'><b>TC_015_FPCreateRelatioshipCopySupplierBuyerFunded_US</b><br>Test class: com.ibm.automation.DpEpassTestNG</td>
<td></td>
<td>0</td>
<td>com.ibm.automation.DpEpassTestNG@1d057a39</td></tr>
<tr>
<td title='com.ibm.automation.DpEpassTestNG.TC_016_FPCreateRelatioshipCopySupplierBuyerFundedHIROC_US()'><b>TC_016_FPCreateRelatioshipCopySupplierBuyerFundedHIROC_US</b><br>Test class: com.ibm.automation.DpEpassTestNG</td>
<td></td>
<td>0</td>
<td>com.ibm.automation.DpEpassTestNG@1d057a39</td></tr>
<tr>
<td title='com.ibm.automation.DpEpassTestNG.TC_017_FPCreateRelatioshipCopySupplierSplitRate_US()'><b>TC_017_FPCreateRelatioshipCopySupplierSplitRate_US</b><br>Test class: com.ibm.automation.DpEpassTestNG</td>
<td></td>
<td>0</td>
<td>com.ibm.automation.DpEpassTestNG@1d057a39</td></tr>
<tr>
<td title='com.ibm.automation.DpEpassTestNG.TC_018_FPCreateRelatioshipCopySupplierSplitRateHROC_US()'><b>TC_018_FPCreateRelatioshipCopySupplierSplitRateHROC_US</b><br>Test class: com.ibm.automation.DpEpassTestNG</td>
<td></td>
<td>0</td>
<td>com.ibm.automation.DpEpassTestNG@1d057a39</td></tr>
<tr>
<td title='com.ibm.automation.DpEpassTestNG.TC_019_FPCreateRelatioshipCopySupplierSplitRateDSO_US()'><b>TC_019_FPCreateRelatioshipCopySupplierSplitRateDSO_US</b><br>Test class: com.ibm.automation.DpEpassTestNG</td>
<td></td>
<td>0</td>
<td>com.ibm.automation.DpEpassTestNG@1d057a39</td></tr>
<tr>
<td title='com.ibm.automation.DpEpassTestNG.TC_020_FPCreateRelatioshipCopySupplierSplitRateDSOHROC_US()'><b>TC_020_FPCreateRelatioshipCopySupplierSplitRateDSOHROC_US</b><br>Test class: com.ibm.automation.DpEpassTestNG</td>
<td></td>
<td>0</td>
<td>com.ibm.automation.DpEpassTestNG@1d057a39</td></tr>
<tr>
<td title='com.ibm.automation.DpEpassTestNG.TC_021_FPApproveandActivateCreateRelatioship_US()'><b>TC_021_FPApproveandActivateCreateRelatioship_US</b><br>Test class: com.ibm.automation.DpEpassTestNG</td>
<td></td>
<td>0</td>
<td>com.ibm.automation.DpEpassTestNG@1d057a39</td></tr>
<tr>
<td title='com.ibm.automation.DpEpassTestNG.TC_022_FPCreateRelatioshipCopyBuyerDSODealType_US()'><b>TC_022_FPCreateRelatioshipCopyBuyerDSODealType_US</b><br>Test class: com.ibm.automation.DpEpassTestNG</td>
<td></td>
<td>0</td>
<td>com.ibm.automation.DpEpassTestNG@1d057a39</td></tr>
<tr>
<td title='com.ibm.automation.DpEpassTestNG.TC_023_FPCreateRelatioshipCopySupplierDSODealType_US()'><b>TC_023_FPCreateRelatioshipCopySupplierDSODealType_US</b><br>Test class: com.ibm.automation.DpEpassTestNG</td>
<td></td>
<td>0</td>
<td>com.ibm.automation.DpEpassTestNG@1d057a39</td></tr>
<tr>
<td title='com.ibm.automation.DpEpassTestNG.TC_024_FPApproveRelationship_US()'><b>TC_024_FPApproveRelationship_US</b><br>Test class: com.ibm.automation.DpEpassTestNG</td>
<td></td>
<td>0</td>
<td>com.ibm.automation.DpEpassTestNG@1d057a39</td></tr>
<tr>
<td title='com.ibm.automation.DpEpassTestNG.TC_032_FPCreateRelatioshipBuyerFunded_CAN()'><b>TC_032_FPCreateRelatioshipBuyerFunded_CAN</b><br>Test class: com.ibm.automation.DpEpassTestNG</td>
<td></td>
<td>0</td>
<td>com.ibm.automation.DpEpassTestNG@1d057a39</td></tr>
<tr>
<td title='com.ibm.automation.DpEpassTestNG.TC_033_FPCreateRelatioshipBuyerFundedHIROC_CAN()'><b>TC_033_FPCreateRelatioshipBuyerFundedHIROC_CAN</b><br>Test class: com.ibm.automation.DpEpassTestNG</td>
<td></td>
<td>0</td>
<td>com.ibm.automation.DpEpassTestNG@1d057a39</td></tr>
<tr>
<td title='com.ibm.automation.DpEpassTestNG.TC_034_FPCreateRelatioshipSplitRate_CAN()'><b>TC_034_FPCreateRelatioshipSplitRate_CAN</b><br>Test class: com.ibm.automation.DpEpassTestNG</td>
<td></td>
<td>0</td>
<td>com.ibm.automation.DpEpassTestNG@1d057a39</td></tr>
<tr>
<td title='com.ibm.automation.DpEpassTestNG.TC_035_FPCreateRelatioshipSplitRateWithHIROC_CAN()'><b>TC_035_FPCreateRelatioshipSplitRateWithHIROC_CAN</b><br>Test class: com.ibm.automation.DpEpassTestNG</td>
<td></td>
<td>0</td>
<td>com.ibm.automation.DpEpassTestNG@1d057a39</td></tr>
<tr>
<td title='com.ibm.automation.DpEpassTestNG.TC_036_FPCreateRelatioshipSplitRateWithDSO_CAN()'><b>TC_036_FPCreateRelatioshipSplitRateWithDSO_CAN</b><br>Test class: com.ibm.automation.DpEpassTestNG</td>
<td></td>
<td>0</td>
<td>com.ibm.automation.DpEpassTestNG@1d057a39</td></tr>
<tr>
<td title='com.ibm.automation.DpEpassTestNG.TC_037_FPCreateRelatioshipSplitRateWithDSOHIROC_CAN()'><b>TC_037_FPCreateRelatioshipSplitRateWithDSOHIROC_CAN</b><br>Test class: com.ibm.automation.DpEpassTestNG</td>
<td></td>
<td>0</td>
<td>com.ibm.automation.DpEpassTestNG@1d057a39</td></tr>
<tr>
<td title='com.ibm.automation.DpEpassTestNG.TC_038_FPCreateRelatioshipDSO_DPO_CAN()'><b>TC_038_FPCreateRelatioshipDSO_DPO_CAN</b><br>Test class: com.ibm.automation.DpEpassTestNG</td>
<td></td>
<td>0</td>
<td>com.ibm.automation.DpEpassTestNG@1d057a39</td></tr>
<tr>
<td title='com.ibm.automation.DpEpassTestNG.TC_039_FPCreateRelatioshipDSO_DPO_Split_CAN()'><b>TC_039_FPCreateRelatioshipDSO_DPO_Split_CAN</b><br>Test class: com.ibm.automation.DpEpassTestNG</td>
<td></td>
<td>0</td>
<td>com.ibm.automation.DpEpassTestNG@1d057a39</td></tr>
<tr>
<td title='com.ibm.automation.DpEpassTestNG.TC_040_FPCreateRelatioshipReverseVertical_EMEA()'><b>TC_040_FPCreateRelatioshipReverseVertical_EMEA</b><br>Test class: com.ibm.automation.DpEpassTestNG</td>
<td></td>
<td>0</td>
<td>com.ibm.automation.DpEpassTestNG@1d057a39</td></tr>
<tr>
<td title='com.ibm.automation.DpEpassTestNG.TC_041_FPCreateRelatioshipBuyerFundedHIROC_EMEA()'><b>TC_041_FPCreateRelatioshipBuyerFundedHIROC_EMEA</b><br>Test class: com.ibm.automation.DpEpassTestNG</td>
<td></td>
<td>0</td>
<td>com.ibm.automation.DpEpassTestNG@1d057a39</td></tr>
<tr>
<td title='com.ibm.automation.DpEpassTestNG.TC_042_FPCreateRelatioshipReverse_SplitFunded_EMEA()'><b>TC_042_FPCreateRelatioshipReverse_SplitFunded_EMEA</b><br>Test class: com.ibm.automation.DpEpassTestNG</td>
<td></td>
<td>0</td>
<td>com.ibm.automation.DpEpassTestNG@1d057a39</td></tr>
<tr>
<td title='com.ibm.automation.DpEpassTestNG.TC_043_FPCreateRelatioshipSplitRateWithHIROC_EMEA()'><b>TC_043_FPCreateRelatioshipSplitRateWithHIROC_EMEA</b><br>Test class: com.ibm.automation.DpEpassTestNG</td>
<td></td>
<td>0</td>
<td>com.ibm.automation.DpEpassTestNG@1d057a39</td></tr>
<tr>
<td title='com.ibm.automation.DpEpassTestNG.TC_044_FPCreateRelatioshipVerticalBuyerFunded_EMEA()'><b>TC_044_FPCreateRelatioshipVerticalBuyerFunded_EMEA</b><br>Test class: com.ibm.automation.DpEpassTestNG</td>
<td></td>
<td>0</td>
<td>com.ibm.automation.DpEpassTestNG@1d057a39</td></tr>
<tr>
<td title='com.ibm.automation.DpEpassTestNG.TC_045_FPCreateRelatioshipVerticalBuyerFundedHIROC_EMEA()'><b>TC_045_FPCreateRelatioshipVerticalBuyerFundedHIROC_EMEA</b><br>Test class: com.ibm.automation.DpEpassTestNG</td>
<td></td>
<td>0</td>
<td>com.ibm.automation.DpEpassTestNG@1d057a39</td></tr>
<tr>
<td title='com.ibm.automation.DpEpassTestNG.TC_046_FPCreateRelatioshipVerticalSplitFunded_EMEA()'><b>TC_046_FPCreateRelatioshipVerticalSplitFunded_EMEA</b><br>Test class: com.ibm.automation.DpEpassTestNG</td>
<td></td>
<td>0</td>
<td>com.ibm.automation.DpEpassTestNG@1d057a39</td></tr>
<tr>
<td title='com.ibm.automation.DpEpassTestNG.TC_047_FPCreateRelatioshipVerticalSplitFundedHIROC_EMEA()'><b>TC_047_FPCreateRelatioshipVerticalSplitFundedHIROC_EMEA</b><br>Test class: com.ibm.automation.DpEpassTestNG</td>
<td></td>
<td>0</td>
<td>com.ibm.automation.DpEpassTestNG@1d057a39</td></tr>
</table><p>
</body>
</html>