<?xml version="1.0" encoding="UTF-8"?>
<testng-results skipped="0" failed="1" ignored="0" total="40" passed="39">
  <reporter-output>
  </reporter-output>
  <suite name="Default suite" duration-ms="380214" started-at="2017-12-15T21:02:03Z" finished-at="2017-12-15T21:08:23Z">
    <groups>
    </groups>
    <test name="Default test" duration-ms="380214" started-at="2017-12-15T21:02:03Z" finished-at="2017-12-15T21:08:23Z">
      <class name="com.ibm.automation.DpEpassTestNG">
        <test-method status="PASS" signature="beforeSuit()[pri:0, instance:com.ibm.automation.DpEpassTestNG@1d057a39]" name="beforeSuit" is-config="true" duration-ms="477" started-at="2017-12-15T14:02:02Z" finished-at="2017-12-15T14:02:03Z">
          <reporter-output>
          </reporter-output>
        </test-method> <!-- beforeSuit -->
        <test-method status="PASS" signature="TC_001_FPCreateRelatioshipBuyerFunded_US()[pri:0, instance:com.ibm.automation.DpEpassTestNG@1d057a39]" name="TC_001_FPCreateRelatioshipBuyerFunded_US" duration-ms="115129" started-at="2017-12-15T14:02:03Z" finished-at="2017-12-15T14:03:58Z">
          <reporter-output>
          </reporter-output>
        </test-method> <!-- TC_001_FPCreateRelatioshipBuyerFunded_US -->
        <test-method status="PASS" signature="TC_002_FPCreateRelatioshipBuyerFundedHIROC_US()[pri:1, instance:com.ibm.automation.DpEpassTestNG@1d057a39]" name="TC_002_FPCreateRelatioshipBuyerFundedHIROC_US" duration-ms="134602" started-at="2017-12-15T14:03:58Z" finished-at="2017-12-15T14:06:12Z">
          <reporter-output>
          </reporter-output>
        </test-method> <!-- TC_002_FPCreateRelatioshipBuyerFundedHIROC_US -->
        <test-method status="FAIL" signature="TC_003_FPCreateRelatioshipSplitRate_US()[pri:2, instance:com.ibm.automation.DpEpassTestNG@1d057a39]" name="TC_003_FPCreateRelatioshipSplitRate_US" duration-ms="128919" started-at="2017-12-15T14:06:12Z" finished-at="2017-12-15T14:08:21Z">
          <exception class="org.openqa.selenium.TimeoutException">
            <message>
              <![CDATA[Timed out after 60 seconds waiting for presence of element located by: By.xpath: //*[@id='supplierId']
Build info: version: '2.53.1', revision: 'a36b8b1', time: '2016-06-30 17:37:03'
System info: host: 'LAPTOP-4LL4BIDP', ip: '10.50.56.1', os.name: 'Windows 10', os.arch: 'amd64', os.version: '10.0', java.version: '1.8.0_152'
Driver info: org.openqa.selenium.firefox.FirefoxDriver
Capabilities [{applicationCacheEnabled=true, rotatable=false, handlesAlerts=true, databaseEnabled=true, version=46.0, platform=WINDOWS, nativeEvents=false, acceptSslCerts=true, webStorageEnabled=true, locationContextEnabled=true, browserName=firefox, takesScreenshot=true, javascriptEnabled=true, cssSelectorsEnabled=true}]
Session ID: 93384ba5-8dde-4342-926e-8c2fcc34753e]]>
            </message>
            <full-stacktrace>
              <![CDATA[org.openqa.selenium.TimeoutException: Timed out after 60 seconds waiting for presence of element located by: By.xpath: //*[@id='supplierId']
Build info: version: '2.53.1', revision: 'a36b8b1', time: '2016-06-30 17:37:03'
System info: host: 'LAPTOP-4LL4BIDP', ip: '10.50.56.1', os.name: 'Windows 10', os.arch: 'amd64', os.version: '10.0', java.version: '1.8.0_152'
Driver info: org.openqa.selenium.firefox.FirefoxDriver
Capabilities [{applicationCacheEnabled=true, rotatable=false, handlesAlerts=true, databaseEnabled=true, version=46.0, platform=WINDOWS, nativeEvents=false, acceptSslCerts=true, webStorageEnabled=true, locationContextEnabled=true, browserName=firefox, takesScreenshot=true, javascriptEnabled=true, cssSelectorsEnabled=true}]
Session ID: 93384ba5-8dde-4342-926e-8c2fcc34753e
	at org.openqa.selenium.support.ui.WebDriverWait.timeoutException(WebDriverWait.java:80)
	at org.openqa.selenium.support.ui.FluentWait.until(FluentWait.java:261)
	at com.ibm.automation.FwPerformAction.funcEditSendKeys(FwPerformAction.java:110)
	at com.ibm.automation.FPSupplierLib.funcFPCreateRelatioshipSplitRate(FPSupplierLib.java:273)
	at com.ibm.automation.DpEpassTestNG.TC_003_FPCreateRelatioshipSplitRate_US(DpEpassTestNG.java:82)
	at sun.reflect.NativeMethodAccessorImpl.invoke0(Native Method)
	at sun.reflect.NativeMethodAccessorImpl.invoke(Unknown Source)
	at sun.reflect.DelegatingMethodAccessorImpl.invoke(Unknown Source)
	at java.lang.reflect.Method.invoke(Unknown Source)
	at org.testng.internal.MethodInvocationHelper.invokeMethod(MethodInvocationHelper.java:108)
	at org.testng.internal.Invoker.invokeMethod(Invoker.java:669)
	at org.testng.internal.Invoker.invokeTestMethod(Invoker.java:877)
	at org.testng.internal.Invoker.invokeTestMethods(Invoker.java:1201)
	at org.testng.internal.TestMethodWorker.invokeTestMethods(TestMethodWorker.java:125)
	at org.testng.internal.TestMethodWorker.run(TestMethodWorker.java:109)
	at org.testng.TestRunner.privateRun(TestRunner.java:776)
	at org.testng.TestRunner.run(TestRunner.java:634)
	at org.testng.SuiteRunner.runTest(SuiteRunner.java:425)
	at org.testng.SuiteRunner.runSequentially(SuiteRunner.java:420)
	at org.testng.SuiteRunner.privateRun(SuiteRunner.java:385)
	at org.testng.SuiteRunner.run(SuiteRunner.java:334)
	at org.testng.SuiteRunnerWorker.runSuite(SuiteRunnerWorker.java:52)
	at org.testng.SuiteRunnerWorker.run(SuiteRunnerWorker.java:86)
	at org.testng.TestNG.runSuitesSequentially(TestNG.java:1318)
	at org.testng.TestNG.runSuitesLocally(TestNG.java:1243)
	at org.testng.TestNG.runSuites(TestNG.java:1161)
	at org.testng.TestNG.run(TestNG.java:1129)
	at org.testng.remote.AbstractRemoteTestNG.run(AbstractRemoteTestNG.java:114)
	at org.testng.remote.RemoteTestNG.initAndRun(RemoteTestNG.java:251)
	at org.testng.remote.RemoteTestNG.main(RemoteTestNG.java:77)
Caused by: org.openqa.selenium.NoSuchElementException: Unable to locate element: {"method":"xpath","selector":"//*[@id='supplierId']"}
Command duration or timeout: 22 milliseconds
For documentation on this error, please visit: http://seleniumhq.org/exceptions/no_such_element.html
Build info: version: '2.53.1', revision: 'a36b8b1', time: '2016-06-30 17:37:03'
System info: host: 'LAPTOP-4LL4BIDP', ip: '10.50.56.1', os.name: 'Windows 10', os.arch: 'amd64', os.version: '10.0', java.version: '1.8.0_152'
Driver info: org.openqa.selenium.firefox.FirefoxDriver
Capabilities [{applicationCacheEnabled=true, rotatable=false, handlesAlerts=true, databaseEnabled=true, version=46.0, platform=WINDOWS, nativeEvents=false, acceptSslCerts=true, webStorageEnabled=true, locationContextEnabled=true, browserName=firefox, takesScreenshot=true, javascriptEnabled=true, cssSelectorsEnabled=true}]
Session ID: 93384ba5-8dde-4342-926e-8c2fcc34753e
*** Element info: {Using=xpath, value=//*[@id='supplierId']}
	at sun.reflect.GeneratedConstructorAccessor30.newInstance(Unknown Source)
	at sun.reflect.DelegatingConstructorAccessorImpl.newInstance(Unknown Source)
	at java.lang.reflect.Constructor.newInstance(Unknown Source)
	at org.openqa.selenium.remote.ErrorHandler.createThrowable(ErrorHandler.java:206)
	at org.openqa.selenium.remote.ErrorHandler.throwIfResponseFailed(ErrorHandler.java:158)
	at org.openqa.selenium.remote.RemoteWebDriver.execute(RemoteWebDriver.java:678)
	at org.openqa.selenium.remote.RemoteWebDriver.findElement(RemoteWebDriver.java:363)
	at org.openqa.selenium.remote.RemoteWebDriver.findElementByXPath(RemoteWebDriver.java:500)
	at org.openqa.selenium.By$ByXPath.findElement(By.java:361)
	at org.openqa.selenium.remote.RemoteWebDriver.findElement(RemoteWebDriver.java:355)
	at org.openqa.selenium.support.ui.ExpectedConditions.findElement(ExpectedConditions.java:899)
	at org.openqa.selenium.support.ui.ExpectedConditions.access$0(ExpectedConditions.java:897)
	at org.openqa.selenium.support.ui.ExpectedConditions$6.apply(ExpectedConditions.java:181)
	at org.openqa.selenium.support.ui.ExpectedConditions$6.apply(ExpectedConditions.java:1)
	at org.openqa.selenium.support.ui.FluentWait.until(FluentWait.java:238)
	... 28 more
Caused by: org.openqa.selenium.NoSuchElementException: Unable to locate element: {"method":"xpath","selector":"//*[@id='supplierId']"}
For documentation on this error, please visit: http://seleniumhq.org/exceptions/no_such_element.html
Build info: version: '2.53.1', revision: 'a36b8b1', time: '2016-06-30 17:37:03'
System info: host: 'LAPTOP-4LL4BIDP', ip: '10.50.56.1', os.name: 'Windows 10', os.arch: 'amd64', os.version: '10.0', java.version: '1.8.0_152'
Driver info: driver.version: unknown
	at <anonymous class>.FirefoxDriver.prototype.findElementInternal_(file:///C:/Users/SIMMIB~1/AppData/Local/Temp/anonymous8311972587800983825webdriver-profile/extensions/fxdriver@googlecode.com/components/driver-component.js:10770)
	at <anonymous class>.FirefoxDriver.prototype.findElement(file:///C:/Users/SIMMIB~1/AppData/Local/Temp/anonymous8311972587800983825webdriver-profile/extensions/fxdriver@googlecode.com/components/driver-component.js:10779)
	at <anonymous class>.DelayedCommand.prototype.executeInternal_/h(file:///C:/Users/SIMMIB~1/AppData/Local/Temp/anonymous8311972587800983825webdriver-profile/extensions/fxdriver@googlecode.com/components/command-processor.js:12661)
	at <anonymous class>.DelayedCommand.prototype.executeInternal_(file:///C:/Users/SIMMIB~1/AppData/Local/Temp/anonymous8311972587800983825webdriver-profile/extensions/fxdriver@googlecode.com/components/command-processor.js:12666)
	at <anonymous class>.DelayedCommand.prototype.execute/<(file:///C:/Users/SIMMIB~1/AppData/Local/Temp/anonymous8311972587800983825webdriver-profile/extensions/fxdriver@googlecode.com/components/command-processor.js:12608)
]]>
            </full-stacktrace>
          </exception> <!-- org.openqa.selenium.TimeoutException -->
          <reporter-output>
          </reporter-output>
        </test-method> <!-- TC_003_FPCreateRelatioshipSplitRate_US -->
        <test-method status="PASS" signature="TC_004_FPCreateRelatioshipSplitRateWithHIROC_US()[pri:3, instance:com.ibm.automation.DpEpassTestNG@1d057a39]" name="TC_004_FPCreateRelatioshipSplitRateWithHIROC_US" duration-ms="72" started-at="2017-12-15T14:08:21Z" finished-at="2017-12-15T14:08:21Z">
          <reporter-output>
          </reporter-output>
        </test-method> <!-- TC_004_FPCreateRelatioshipSplitRateWithHIROC_US -->
        <test-method status="PASS" signature="TC_005_FPCreateRelatioshipSplitRateWithDSO_US()[pri:4, instance:com.ibm.automation.DpEpassTestNG@1d057a39]" name="TC_005_FPCreateRelatioshipSplitRateWithDSO_US" duration-ms="48" started-at="2017-12-15T14:08:21Z" finished-at="2017-12-15T14:08:21Z">
          <reporter-output>
          </reporter-output>
        </test-method> <!-- TC_005_FPCreateRelatioshipSplitRateWithDSO_US -->
        <test-method status="PASS" signature="TC_006_FPCreateRelatioshipSplitRateWithDSOHIROC_US()[pri:5, instance:com.ibm.automation.DpEpassTestNG@1d057a39]" name="TC_006_FPCreateRelatioshipSplitRateWithDSOHIROC_US" duration-ms="46" started-at="2017-12-15T14:08:21Z" finished-at="2017-12-15T14:08:21Z">
          <reporter-output>
          </reporter-output>
        </test-method> <!-- TC_006_FPCreateRelatioshipSplitRateWithDSOHIROC_US -->
        <test-method status="PASS" signature="TC_007_FPCreateRelatioshipDSO_DPO_US()[pri:6, instance:com.ibm.automation.DpEpassTestNG@1d057a39]" name="TC_007_FPCreateRelatioshipDSO_DPO_US" duration-ms="41" started-at="2017-12-15T14:08:21Z" finished-at="2017-12-15T14:08:22Z">
          <reporter-output>
          </reporter-output>
        </test-method> <!-- TC_007_FPCreateRelatioshipDSO_DPO_US -->
        <test-method status="PASS" signature="TC_008_FPCreateRelatioshipProductBIPFX_US()[pri:7, instance:com.ibm.automation.DpEpassTestNG@1d057a39]" name="TC_008_FPCreateRelatioshipProductBIPFX_US" duration-ms="53" started-at="2017-12-15T14:08:22Z" finished-at="2017-12-15T14:08:22Z">
          <reporter-output>
          </reporter-output>
        </test-method> <!-- TC_008_FPCreateRelatioshipProductBIPFX_US -->
        <test-method status="PASS" signature="TC_009_FPCreateRelatioshipCopybuyerFunded_US()[pri:8, instance:com.ibm.automation.DpEpassTestNG@1d057a39]" name="TC_009_FPCreateRelatioshipCopybuyerFunded_US" duration-ms="52" started-at="2017-12-15T14:08:22Z" finished-at="2017-12-15T14:08:22Z">
          <reporter-output>
          </reporter-output>
        </test-method> <!-- TC_009_FPCreateRelatioshipCopybuyerFunded_US -->
        <test-method status="PASS" signature="TC_010_FPCreateRelatioshipCopybuyerFundedHIROC_US()[pri:9, instance:com.ibm.automation.DpEpassTestNG@1d057a39]" name="TC_010_FPCreateRelatioshipCopybuyerFundedHIROC_US" duration-ms="35" started-at="2017-12-15T14:08:22Z" finished-at="2017-12-15T14:08:22Z">
          <reporter-output>
          </reporter-output>
        </test-method> <!-- TC_010_FPCreateRelatioshipCopybuyerFundedHIROC_US -->
        <test-method status="PASS" signature="TC_011_FPCreateRelatioshipCopySplitRate_US()[pri:10, instance:com.ibm.automation.DpEpassTestNG@1d057a39]" name="TC_011_FPCreateRelatioshipCopySplitRate_US" duration-ms="41" started-at="2017-12-15T14:08:22Z" finished-at="2017-12-15T14:08:22Z">
          <reporter-output>
          </reporter-output>
        </test-method> <!-- TC_011_FPCreateRelatioshipCopySplitRate_US -->
        <test-method status="PASS" signature="TC_012_FPCreateRelatioshipCopySplitRateHIROC_US()[pri:11, instance:com.ibm.automation.DpEpassTestNG@1d057a39]" name="TC_012_FPCreateRelatioshipCopySplitRateHIROC_US" duration-ms="43" started-at="2017-12-15T14:08:22Z" finished-at="2017-12-15T14:08:22Z">
          <reporter-output>
          </reporter-output>
        </test-method> <!-- TC_012_FPCreateRelatioshipCopySplitRateHIROC_US -->
        <test-method status="PASS" signature="TC_013_FPCreateRelatioshipCopySplitRateDSO_US()[pri:12, instance:com.ibm.automation.DpEpassTestNG@1d057a39]" name="TC_013_FPCreateRelatioshipCopySplitRateDSO_US" duration-ms="35" started-at="2017-12-15T14:08:22Z" finished-at="2017-12-15T14:08:22Z">
          <reporter-output>
          </reporter-output>
        </test-method> <!-- TC_013_FPCreateRelatioshipCopySplitRateDSO_US -->
        <test-method status="PASS" signature="TC_014_FPCreateRelatioshipCopySplitRateHIROCDSO_US()[pri:13, instance:com.ibm.automation.DpEpassTestNG@1d057a39]" name="TC_014_FPCreateRelatioshipCopySplitRateHIROCDSO_US" duration-ms="41" started-at="2017-12-15T14:08:22Z" finished-at="2017-12-15T14:08:22Z">
          <reporter-output>
          </reporter-output>
        </test-method> <!-- TC_014_FPCreateRelatioshipCopySplitRateHIROCDSO_US -->
        <test-method status="PASS" signature="TC_015_FPCreateRelatioshipCopySupplierBuyerFunded_US()[pri:14, instance:com.ibm.automation.DpEpassTestNG@1d057a39]" name="TC_015_FPCreateRelatioshipCopySupplierBuyerFunded_US" duration-ms="40" started-at="2017-12-15T14:08:22Z" finished-at="2017-12-15T14:08:22Z">
          <reporter-output>
          </reporter-output>
        </test-method> <!-- TC_015_FPCreateRelatioshipCopySupplierBuyerFunded_US -->
        <test-method status="PASS" signature="TC_016_FPCreateRelatioshipCopySupplierBuyerFundedHIROC_US()[pri:15, instance:com.ibm.automation.DpEpassTestNG@1d057a39]" name="TC_016_FPCreateRelatioshipCopySupplierBuyerFundedHIROC_US" duration-ms="35" started-at="2017-12-15T14:08:22Z" finished-at="2017-12-15T14:08:22Z">
          <reporter-output>
          </reporter-output>
        </test-method> <!-- TC_016_FPCreateRelatioshipCopySupplierBuyerFundedHIROC_US -->
        <test-method status="PASS" signature="TC_017_FPCreateRelatioshipCopySupplierSplitRate_US()[pri:16, instance:com.ibm.automation.DpEpassTestNG@1d057a39]" name="TC_017_FPCreateRelatioshipCopySupplierSplitRate_US" duration-ms="47" started-at="2017-12-15T14:08:22Z" finished-at="2017-12-15T14:08:22Z">
          <reporter-output>
          </reporter-output>
        </test-method> <!-- TC_017_FPCreateRelatioshipCopySupplierSplitRate_US -->
        <test-method status="PASS" signature="TC_018_FPCreateRelatioshipCopySupplierSplitRateHROC_US()[pri:17, instance:com.ibm.automation.DpEpassTestNG@1d057a39]" name="TC_018_FPCreateRelatioshipCopySupplierSplitRateHROC_US" duration-ms="40" started-at="2017-12-15T14:08:22Z" finished-at="2017-12-15T14:08:22Z">
          <reporter-output>
          </reporter-output>
        </test-method> <!-- TC_018_FPCreateRelatioshipCopySupplierSplitRateHROC_US -->
        <test-method status="PASS" signature="TC_019_FPCreateRelatioshipCopySupplierSplitRateDSO_US()[pri:18, instance:com.ibm.automation.DpEpassTestNG@1d057a39]" name="TC_019_FPCreateRelatioshipCopySupplierSplitRateDSO_US" duration-ms="29" started-at="2017-12-15T14:08:22Z" finished-at="2017-12-15T14:08:22Z">
          <reporter-output>
          </reporter-output>
        </test-method> <!-- TC_019_FPCreateRelatioshipCopySupplierSplitRateDSO_US -->
        <test-method status="PASS" signature="TC_020_FPCreateRelatioshipCopySupplierSplitRateDSOHROC_US()[pri:19, instance:com.ibm.automation.DpEpassTestNG@1d057a39]" name="TC_020_FPCreateRelatioshipCopySupplierSplitRateDSOHROC_US" duration-ms="25" started-at="2017-12-15T14:08:22Z" finished-at="2017-12-15T14:08:22Z">
          <reporter-output>
          </reporter-output>
        </test-method> <!-- TC_020_FPCreateRelatioshipCopySupplierSplitRateDSOHROC_US -->
        <test-method status="PASS" signature="TC_021_FPApproveandActivateCreateRelatioship_US()[pri:20, instance:com.ibm.automation.DpEpassTestNG@1d057a39]" name="TC_021_FPApproveandActivateCreateRelatioship_US" duration-ms="27" started-at="2017-12-15T14:08:22Z" finished-at="2017-12-15T14:08:22Z">
          <reporter-output>
          </reporter-output>
        </test-method> <!-- TC_021_FPApproveandActivateCreateRelatioship_US -->
        <test-method status="PASS" signature="TC_022_FPCreateRelatioshipCopyBuyerDSODealType_US()[pri:21, instance:com.ibm.automation.DpEpassTestNG@1d057a39]" name="TC_022_FPCreateRelatioshipCopyBuyerDSODealType_US" duration-ms="29" started-at="2017-12-15T14:08:22Z" finished-at="2017-12-15T14:08:22Z">
          <reporter-output>
          </reporter-output>
        </test-method> <!-- TC_022_FPCreateRelatioshipCopyBuyerDSODealType_US -->
        <test-method status="PASS" signature="TC_032_FPCreateRelatioshipBuyerFunded_CAN()[pri:21, instance:com.ibm.automation.DpEpassTestNG@1d057a39]" name="TC_032_FPCreateRelatioshipBuyerFunded_CAN" duration-ms="35" started-at="2017-12-15T14:08:22Z" finished-at="2017-12-15T14:08:22Z">
          <reporter-output>
          </reporter-output>
        </test-method> <!-- TC_032_FPCreateRelatioshipBuyerFunded_CAN -->
        <test-method status="PASS" signature="TC_023_FPCreateRelatioshipCopySupplierDSODealType_US()[pri:22, instance:com.ibm.automation.DpEpassTestNG@1d057a39]" name="TC_023_FPCreateRelatioshipCopySupplierDSODealType_US" duration-ms="37" started-at="2017-12-15T14:08:22Z" finished-at="2017-12-15T14:08:22Z">
          <reporter-output>
          </reporter-output>
        </test-method> <!-- TC_023_FPCreateRelatioshipCopySupplierDSODealType_US -->
        <test-method status="PASS" signature="TC_033_FPCreateRelatioshipBuyerFundedHIROC_CAN()[pri:22, instance:com.ibm.automation.DpEpassTestNG@1d057a39]" name="TC_033_FPCreateRelatioshipBuyerFundedHIROC_CAN" duration-ms="26" started-at="2017-12-15T14:08:22Z" finished-at="2017-12-15T14:08:22Z">
          <reporter-output>
          </reporter-output>
        </test-method> <!-- TC_033_FPCreateRelatioshipBuyerFundedHIROC_CAN -->
        <test-method status="PASS" signature="TC_024_FPApproveRelationship_US()[pri:23, instance:com.ibm.automation.DpEpassTestNG@1d057a39]" name="TC_024_FPApproveRelationship_US" duration-ms="30" started-at="2017-12-15T14:08:22Z" finished-at="2017-12-15T14:08:22Z">
          <reporter-output>
          </reporter-output>
        </test-method> <!-- TC_024_FPApproveRelationship_US -->
        <test-method status="PASS" signature="TC_034_FPCreateRelatioshipSplitRate_CAN()[pri:23, instance:com.ibm.automation.DpEpassTestNG@1d057a39]" name="TC_034_FPCreateRelatioshipSplitRate_CAN" duration-ms="31" started-at="2017-12-15T14:08:22Z" finished-at="2017-12-15T14:08:22Z">
          <reporter-output>
          </reporter-output>
        </test-method> <!-- TC_034_FPCreateRelatioshipSplitRate_CAN -->
        <test-method status="PASS" signature="TC_035_FPCreateRelatioshipSplitRateWithHIROC_CAN()[pri:24, instance:com.ibm.automation.DpEpassTestNG@1d057a39]" name="TC_035_FPCreateRelatioshipSplitRateWithHIROC_CAN" duration-ms="39" started-at="2017-12-15T14:08:22Z" finished-at="2017-12-15T14:08:22Z">
          <reporter-output>
          </reporter-output>
        </test-method> <!-- TC_035_FPCreateRelatioshipSplitRateWithHIROC_CAN -->
        <test-method status="PASS" signature="TC_036_FPCreateRelatioshipSplitRateWithDSO_CAN()[pri:25, instance:com.ibm.automation.DpEpassTestNG@1d057a39]" name="TC_036_FPCreateRelatioshipSplitRateWithDSO_CAN" duration-ms="29" started-at="2017-12-15T14:08:22Z" finished-at="2017-12-15T14:08:22Z">
          <reporter-output>
          </reporter-output>
        </test-method> <!-- TC_036_FPCreateRelatioshipSplitRateWithDSO_CAN -->
        <test-method status="PASS" signature="TC_037_FPCreateRelatioshipSplitRateWithDSOHIROC_CAN()[pri:26, instance:com.ibm.automation.DpEpassTestNG@1d057a39]" name="TC_037_FPCreateRelatioshipSplitRateWithDSOHIROC_CAN" duration-ms="29" started-at="2017-12-15T14:08:22Z" finished-at="2017-12-15T14:08:22Z">
          <reporter-output>
          </reporter-output>
        </test-method> <!-- TC_037_FPCreateRelatioshipSplitRateWithDSOHIROC_CAN -->
        <test-method status="PASS" signature="TC_040_FPCreateRelatioshipReverseVertical_EMEA()[pri:27, instance:com.ibm.automation.DpEpassTestNG@1d057a39]" name="TC_040_FPCreateRelatioshipReverseVertical_EMEA" duration-ms="28" started-at="2017-12-15T14:08:22Z" finished-at="2017-12-15T14:08:22Z">
          <reporter-output>
          </reporter-output>
        </test-method> <!-- TC_040_FPCreateRelatioshipReverseVertical_EMEA -->
        <test-method status="PASS" signature="TC_041_FPCreateRelatioshipBuyerFundedHIROC_EMEA()[pri:28, instance:com.ibm.automation.DpEpassTestNG@1d057a39]" name="TC_041_FPCreateRelatioshipBuyerFundedHIROC_EMEA" duration-ms="37" started-at="2017-12-15T14:08:22Z" finished-at="2017-12-15T14:08:22Z">
          <reporter-output>
          </reporter-output>
        </test-method> <!-- TC_041_FPCreateRelatioshipBuyerFundedHIROC_EMEA -->
        <test-method status="PASS" signature="TC_042_FPCreateRelatioshipReverse_SplitFunded_EMEA()[pri:29, instance:com.ibm.automation.DpEpassTestNG@1d057a39]" name="TC_042_FPCreateRelatioshipReverse_SplitFunded_EMEA" duration-ms="33" started-at="2017-12-15T14:08:22Z" finished-at="2017-12-15T14:08:23Z">
          <reporter-output>
          </reporter-output>
        </test-method> <!-- TC_042_FPCreateRelatioshipReverse_SplitFunded_EMEA -->
        <test-method status="PASS" signature="TC_043_FPCreateRelatioshipSplitRateWithHIROC_EMEA()[pri:30, instance:com.ibm.automation.DpEpassTestNG@1d057a39]" name="TC_043_FPCreateRelatioshipSplitRateWithHIROC_EMEA" duration-ms="28" started-at="2017-12-15T14:08:23Z" finished-at="2017-12-15T14:08:23Z">
          <reporter-output>
          </reporter-output>
        </test-method> <!-- TC_043_FPCreateRelatioshipSplitRateWithHIROC_EMEA -->
        <test-method status="PASS" signature="TC_044_FPCreateRelatioshipVerticalBuyerFunded_EMEA()[pri:30, instance:com.ibm.automation.DpEpassTestNG@1d057a39]" name="TC_044_FPCreateRelatioshipVerticalBuyerFunded_EMEA" duration-ms="31" started-at="2017-12-15T14:08:23Z" finished-at="2017-12-15T14:08:23Z">
          <reporter-output>
          </reporter-output>
        </test-method> <!-- TC_044_FPCreateRelatioshipVerticalBuyerFunded_EMEA -->
        <test-method status="PASS" signature="TC_045_FPCreateRelatioshipVerticalBuyerFundedHIROC_EMEA()[pri:30, instance:com.ibm.automation.DpEpassTestNG@1d057a39]" name="TC_045_FPCreateRelatioshipVerticalBuyerFundedHIROC_EMEA" duration-ms="39" started-at="2017-12-15T14:08:23Z" finished-at="2017-12-15T14:08:23Z">
          <reporter-output>
          </reporter-output>
        </test-method> <!-- TC_045_FPCreateRelatioshipVerticalBuyerFundedHIROC_EMEA -->
        <test-method status="PASS" signature="TC_046_FPCreateRelatioshipVerticalSplitFunded_EMEA()[pri:30, instance:com.ibm.automation.DpEpassTestNG@1d057a39]" name="TC_046_FPCreateRelatioshipVerticalSplitFunded_EMEA" duration-ms="33" started-at="2017-12-15T14:08:23Z" finished-at="2017-12-15T14:08:23Z">
          <reporter-output>
          </reporter-output>
        </test-method> <!-- TC_046_FPCreateRelatioshipVerticalSplitFunded_EMEA -->
        <test-method status="PASS" signature="TC_038_FPCreateRelatioshipDSO_DPO_CAN()[pri:31, instance:com.ibm.automation.DpEpassTestNG@1d057a39]" name="TC_038_FPCreateRelatioshipDSO_DPO_CAN" duration-ms="35" started-at="2017-12-15T14:08:23Z" finished-at="2017-12-15T14:08:23Z">
          <reporter-output>
          </reporter-output>
        </test-method> <!-- TC_038_FPCreateRelatioshipDSO_DPO_CAN -->
        <test-method status="PASS" signature="TC_047_FPCreateRelatioshipVerticalSplitFundedHIROC_EMEA()[pri:31, instance:com.ibm.automation.DpEpassTestNG@1d057a39]" name="TC_047_FPCreateRelatioshipVerticalSplitFundedHIROC_EMEA" duration-ms="85" started-at="2017-12-15T14:08:23Z" finished-at="2017-12-15T14:08:23Z">
          <reporter-output>
          </reporter-output>
        </test-method> <!-- TC_047_FPCreateRelatioshipVerticalSplitFundedHIROC_EMEA -->
        <test-method status="PASS" signature="TC_039_FPCreateRelatioshipDSO_DPO_Split_CAN()[pri:32, instance:com.ibm.automation.DpEpassTestNG@1d057a39]" name="TC_039_FPCreateRelatioshipDSO_DPO_Split_CAN" duration-ms="57" started-at="2017-12-15T14:08:23Z" finished-at="2017-12-15T14:08:23Z">
          <reporter-output>
          </reporter-output>
        </test-method> <!-- TC_039_FPCreateRelatioshipDSO_DPO_Split_CAN -->
        <test-method status="PASS" signature="afterSuite()[pri:0, instance:com.ibm.automation.DpEpassTestNG@1d057a39]" name="afterSuite" is-config="true" duration-ms="309" started-at="2017-12-15T14:08:23Z" finished-at="2017-12-15T14:08:23Z">
          <reporter-output>
          </reporter-output>
        </test-method> <!-- afterSuite -->
      </class> <!-- com.ibm.automation.DpEpassTestNG -->
    </test> <!-- Default test -->
  </suite> <!-- Default suite -->
</testng-results>
