<?xml version="1.0" encoding="UTF-8"?>
<!-- Generated by org.testng.reporters.JUnitReportReporter -->
<testsuite skipped="0" hostname="LAPTOP-4LL4BIDP" name="com.ibm.automation.DpEpassTestNG" tests="40" failures="0" timestamp="15 Dec 2017 21:08:23 GMT" time="380.091" errors="1">
  <testcase name="TC_001_FPCreateRelatioshipBuyerFunded_US" time="115.129" classname="com.ibm.automation.DpEpassTestNG"/>
  <testcase name="TC_002_FPCreateRelatioshipBuyerFundedHIROC_US" time="134.602" classname="com.ibm.automation.DpEpassTestNG"/>
  <testcase name="TC_003_FPCreateRelatioshipSplitRate_US" time="128.919" classname="com.ibm.automation.DpEpassTestNG">
    <error type="org.openqa.selenium.TimeoutException" message="Timed out after 60 seconds waiting for presence of element located by: By.xpath: //*[@id=&#039;supplierId&#039;]
Build info: version: &#039;2.53.1&#039;, revision: &#039;a36b8b1&#039;, time: &#039;2016-06-30 17:37:03&#039;
System info: host: &#039;LAPTOP-4LL4BIDP&#039;, ip: &#039;10.50.56.1&#039;, os.name: &#039;Windows 10&#039;, os.arch: &#039;amd64&#039;, os.version: &#039;10.0&#039;, java.version: &#039;1.8.0_152&#039;
Driver info: org.openqa.selenium.firefox.FirefoxDriver
Capabilities [{applicationCacheEnabled=true, rotatable=false, handlesAlerts=true, databaseEnabled=true, version=46.0, platform=WINDOWS, nativeEvents=false, acceptSslCerts=true, webStorageEnabled=true, locationContextEnabled=true, browserName=firefox, takesScreenshot=true, javascriptEnabled=true, cssSelectorsEnabled=true}]
Session ID: 93384ba5-8dde-4342-926e-8c2fcc34753e">
      <![CDATA[org.openqa.selenium.TimeoutException: Timed out after 60 seconds waiting for presence of element located by: By.xpath: //*[@id='supplierId']
Build info: version: '2.53.1', revision: 'a36b8b1', time: '2016-06-30 17:37:03'
System info: host: 'LAPTOP-4LL4BIDP', ip: '10.50.56.1', os.name: 'Windows 10', os.arch: 'amd64', os.version: '10.0', java.version: '1.8.0_152'
Driver info: org.openqa.selenium.firefox.FirefoxDriver
Capabilities [{applicationCacheEnabled=true, rotatable=false, handlesAlerts=true, databaseEnabled=true, version=46.0, platform=WINDOWS, nativeEvents=false, acceptSslCerts=true, webStorageEnabled=true, locationContextEnabled=true, browserName=firefox, takesScreenshot=true, javascriptEnabled=true, cssSelectorsEnabled=true}]
Session ID: 93384ba5-8dde-4342-926e-8c2fcc34753e
	at org.openqa.selenium.support.ui.WebDriverWait.timeoutException(WebDriverWait.java:80)
	at org.openqa.selenium.support.ui.FluentWait.until(FluentWait.java:261)
	at com.ibm.automation.FwPerformAction.funcEditSendKeys(FwPerformAction.java:110)
	at com.ibm.automation.FPSupplierLib.funcFPCreateRelatioshipSplitRate(FPSupplierLib.java:273)
	at com.ibm.automation.DpEpassTestNG.TC_003_FPCreateRelatioshipSplitRate_US(DpEpassTestNG.java:82)
	at sun.reflect.NativeMethodAccessorImpl.invoke0(Native Method)
	at sun.reflect.NativeMethodAccessorImpl.invoke(Unknown Source)
	at sun.reflect.DelegatingMethodAccessorImpl.invoke(Unknown Source)
	at java.lang.reflect.Method.invoke(Unknown Source)
	at org.testng.internal.MethodInvocationHelper.invokeMethod(MethodInvocationHelper.java:108)
	at org.testng.internal.Invoker.invokeMethod(Invoker.java:669)
	at org.testng.internal.Invoker.invokeTestMethod(Invoker.java:877)
	at org.testng.internal.Invoker.invokeTestMethods(Invoker.java:1201)
	at org.testng.internal.TestMethodWorker.invokeTestMethods(TestMethodWorker.java:125)
	at org.testng.internal.TestMethodWorker.run(TestMethodWorker.java:109)
	at org.testng.TestRunner.privateRun(TestRunner.java:776)
	at org.testng.TestRunner.run(TestRunner.java:634)
	at org.testng.SuiteRunner.runTest(SuiteRunner.java:425)
	at org.testng.SuiteRunner.runSequentially(SuiteRunner.java:420)
	at org.testng.SuiteRunner.privateRun(SuiteRunner.java:385)
	at org.testng.SuiteRunner.run(SuiteRunner.java:334)
	at org.testng.SuiteRunnerWorker.runSuite(SuiteRunnerWorker.java:52)
	at org.testng.SuiteRunnerWorker.run(SuiteRunnerWorker.java:86)
	at org.testng.TestNG.runSuitesSequentially(TestNG.java:1318)
	at org.testng.TestNG.runSuitesLocally(TestNG.java:1243)
	at org.testng.TestNG.runSuites(TestNG.java:1161)
	at org.testng.TestNG.run(TestNG.java:1129)
	at org.testng.remote.AbstractRemoteTestNG.run(AbstractRemoteTestNG.java:114)
	at org.testng.remote.RemoteTestNG.initAndRun(RemoteTestNG.java:251)
	at org.testng.remote.RemoteTestNG.main(RemoteTestNG.java:77)
Caused by: org.openqa.selenium.NoSuchElementException: Unable to locate element: {"method":"xpath","selector":"//*[@id='supplierId']"}
Command duration or timeout: 22 milliseconds
For documentation on this error, please visit: http://seleniumhq.org/exceptions/no_such_element.html
Build info: version: '2.53.1', revision: 'a36b8b1', time: '2016-06-30 17:37:03'
System info: host: 'LAPTOP-4LL4BIDP', ip: '10.50.56.1', os.name: 'Windows 10', os.arch: 'amd64', os.version: '10.0', java.version: '1.8.0_152'
Driver info: org.openqa.selenium.firefox.FirefoxDriver
Capabilities [{applicationCacheEnabled=true, rotatable=false, handlesAlerts=true, databaseEnabled=true, version=46.0, platform=WINDOWS, nativeEvents=false, acceptSslCerts=true, webStorageEnabled=true, locationContextEnabled=true, browserName=firefox, takesScreenshot=true, javascriptEnabled=true, cssSelectorsEnabled=true}]
Session ID: 93384ba5-8dde-4342-926e-8c2fcc34753e
*** Element info: {Using=xpath, value=//*[@id='supplierId']}
	at sun.reflect.GeneratedConstructorAccessor30.newInstance(Unknown Source)
	at sun.reflect.DelegatingConstructorAccessorImpl.newInstance(Unknown Source)
	at java.lang.reflect.Constructor.newInstance(Unknown Source)
	at org.openqa.selenium.remote.ErrorHandler.createThrowable(ErrorHandler.java:206)
	at org.openqa.selenium.remote.ErrorHandler.throwIfResponseFailed(ErrorHandler.java:158)
	at org.openqa.selenium.remote.RemoteWebDriver.execute(RemoteWebDriver.java:678)
	at org.openqa.selenium.remote.RemoteWebDriver.findElement(RemoteWebDriver.java:363)
	at org.openqa.selenium.remote.RemoteWebDriver.findElementByXPath(RemoteWebDriver.java:500)
	at org.openqa.selenium.By$ByXPath.findElement(By.java:361)
	at org.openqa.selenium.remote.RemoteWebDriver.findElement(RemoteWebDriver.java:355)
	at org.openqa.selenium.support.ui.ExpectedConditions.findElement(ExpectedConditions.java:899)
	at org.openqa.selenium.support.ui.ExpectedConditions.access$0(ExpectedConditions.java:897)
	at org.openqa.selenium.support.ui.ExpectedConditions$6.apply(ExpectedConditions.java:181)
	at org.openqa.selenium.support.ui.ExpectedConditions$6.apply(ExpectedConditions.java:1)
	at org.openqa.selenium.support.ui.FluentWait.until(FluentWait.java:238)
	... 28 more
Caused by: org.openqa.selenium.NoSuchElementException: Unable to locate element: {"method":"xpath","selector":"//*[@id='supplierId']"}
For documentation on this error, please visit: http://seleniumhq.org/exceptions/no_such_element.html
Build info: version: '2.53.1', revision: 'a36b8b1', time: '2016-06-30 17:37:03'
System info: host: 'LAPTOP-4LL4BIDP', ip: '10.50.56.1', os.name: 'Windows 10', os.arch: 'amd64', os.version: '10.0', java.version: '1.8.0_152'
Driver info: driver.version: unknown
	at <anonymous class>.FirefoxDriver.prototype.findElementInternal_(file:///C:/Users/SIMMIB~1/AppData/Local/Temp/anonymous8311972587800983825webdriver-profile/extensions/fxdriver@googlecode.com/components/driver-component.js:10770)
	at <anonymous class>.FirefoxDriver.prototype.findElement(file:///C:/Users/SIMMIB~1/AppData/Local/Temp/anonymous8311972587800983825webdriver-profile/extensions/fxdriver@googlecode.com/components/driver-component.js:10779)
	at <anonymous class>.DelayedCommand.prototype.executeInternal_/h(file:///C:/Users/SIMMIB~1/AppData/Local/Temp/anonymous8311972587800983825webdriver-profile/extensions/fxdriver@googlecode.com/components/command-processor.js:12661)
	at <anonymous class>.DelayedCommand.prototype.executeInternal_(file:///C:/Users/SIMMIB~1/AppData/Local/Temp/anonymous8311972587800983825webdriver-profile/extensions/fxdriver@googlecode.com/components/command-processor.js:12666)
	at <anonymous class>.DelayedCommand.prototype.execute/<(file:///C:/Users/SIMMIB~1/AppData/Local/Temp/anonymous8311972587800983825webdriver-profile/extensions/fxdriver@googlecode.com/components/command-processor.js:12608)
]]>
    </error>
  </testcase> <!-- TC_003_FPCreateRelatioshipSplitRate_US -->
  <testcase name="TC_004_FPCreateRelatioshipSplitRateWithHIROC_US" time="0.072" classname="com.ibm.automation.DpEpassTestNG"/>
  <testcase name="TC_005_FPCreateRelatioshipSplitRateWithDSO_US" time="0.048" classname="com.ibm.automation.DpEpassTestNG"/>
  <testcase name="TC_006_FPCreateRelatioshipSplitRateWithDSOHIROC_US" time="0.046" classname="com.ibm.automation.DpEpassTestNG"/>
  <testcase name="TC_007_FPCreateRelatioshipDSO_DPO_US" time="0.041" classname="com.ibm.automation.DpEpassTestNG"/>
  <testcase name="TC_008_FPCreateRelatioshipProductBIPFX_US" time="0.053" classname="com.ibm.automation.DpEpassTestNG"/>
  <testcase name="TC_009_FPCreateRelatioshipCopybuyerFunded_US" time="0.052" classname="com.ibm.automation.DpEpassTestNG"/>
  <testcase name="TC_010_FPCreateRelatioshipCopybuyerFundedHIROC_US" time="0.035" classname="com.ibm.automation.DpEpassTestNG"/>
  <testcase name="TC_011_FPCreateRelatioshipCopySplitRate_US" time="0.041" classname="com.ibm.automation.DpEpassTestNG"/>
  <testcase name="TC_012_FPCreateRelatioshipCopySplitRateHIROC_US" time="0.043" classname="com.ibm.automation.DpEpassTestNG"/>
  <testcase name="TC_013_FPCreateRelatioshipCopySplitRateDSO_US" time="0.035" classname="com.ibm.automation.DpEpassTestNG"/>
  <testcase name="TC_014_FPCreateRelatioshipCopySplitRateHIROCDSO_US" time="0.041" classname="com.ibm.automation.DpEpassTestNG"/>
  <testcase name="TC_015_FPCreateRelatioshipCopySupplierBuyerFunded_US" time="0.040" classname="com.ibm.automation.DpEpassTestNG"/>
  <testcase name="TC_016_FPCreateRelatioshipCopySupplierBuyerFundedHIROC_US" time="0.035" classname="com.ibm.automation.DpEpassTestNG"/>
  <testcase name="TC_017_FPCreateRelatioshipCopySupplierSplitRate_US" time="0.047" classname="com.ibm.automation.DpEpassTestNG"/>
  <testcase name="TC_018_FPCreateRelatioshipCopySupplierSplitRateHROC_US" time="0.040" classname="com.ibm.automation.DpEpassTestNG"/>
  <testcase name="TC_019_FPCreateRelatioshipCopySupplierSplitRateDSO_US" time="0.029" classname="com.ibm.automation.DpEpassTestNG"/>
  <testcase name="TC_020_FPCreateRelatioshipCopySupplierSplitRateDSOHROC_US" time="0.025" classname="com.ibm.automation.DpEpassTestNG"/>
  <testcase name="TC_021_FPApproveandActivateCreateRelatioship_US" time="0.027" classname="com.ibm.automation.DpEpassTestNG"/>
  <testcase name="TC_032_FPCreateRelatioshipBuyerFunded_CAN" time="0.035" classname="com.ibm.automation.DpEpassTestNG"/>
  <testcase name="TC_022_FPCreateRelatioshipCopyBuyerDSODealType_US" time="0.029" classname="com.ibm.automation.DpEpassTestNG"/>
  <testcase name="TC_023_FPCreateRelatioshipCopySupplierDSODealType_US" time="0.037" classname="com.ibm.automation.DpEpassTestNG"/>
  <testcase name="TC_033_FPCreateRelatioshipBuyerFundedHIROC_CAN" time="0.026" classname="com.ibm.automation.DpEpassTestNG"/>
  <testcase name="TC_024_FPApproveRelationship_US" time="0.030" classname="com.ibm.automation.DpEpassTestNG"/>
  <testcase name="TC_034_FPCreateRelatioshipSplitRate_CAN" time="0.031" classname="com.ibm.automation.DpEpassTestNG"/>
  <testcase name="TC_035_FPCreateRelatioshipSplitRateWithHIROC_CAN" time="0.039" classname="com.ibm.automation.DpEpassTestNG"/>
  <testcase name="TC_036_FPCreateRelatioshipSplitRateWithDSO_CAN" time="0.029" classname="com.ibm.automation.DpEpassTestNG"/>
  <testcase name="TC_037_FPCreateRelatioshipSplitRateWithDSOHIROC_CAN" time="0.029" classname="com.ibm.automation.DpEpassTestNG"/>
  <testcase name="TC_040_FPCreateRelatioshipReverseVertical_EMEA" time="0.028" classname="com.ibm.automation.DpEpassTestNG"/>
  <testcase name="TC_041_FPCreateRelatioshipBuyerFundedHIROC_EMEA" time="0.037" classname="com.ibm.automation.DpEpassTestNG"/>
  <testcase name="TC_042_FPCreateRelatioshipReverse_SplitFunded_EMEA" time="0.033" classname="com.ibm.automation.DpEpassTestNG"/>
  <testcase name="TC_043_FPCreateRelatioshipSplitRateWithHIROC_EMEA" time="0.028" classname="com.ibm.automation.DpEpassTestNG"/>
  <testcase name="TC_044_FPCreateRelatioshipVerticalBuyerFunded_EMEA" time="0.031" classname="com.ibm.automation.DpEpassTestNG"/>
  <testcase name="TC_046_FPCreateRelatioshipVerticalSplitFunded_EMEA" time="0.033" classname="com.ibm.automation.DpEpassTestNG"/>
  <testcase name="TC_045_FPCreateRelatioshipVerticalBuyerFundedHIROC_EMEA" time="0.039" classname="com.ibm.automation.DpEpassTestNG"/>
  <testcase name="TC_038_FPCreateRelatioshipDSO_DPO_CAN" time="0.035" classname="com.ibm.automation.DpEpassTestNG"/>
  <testcase name="TC_047_FPCreateRelatioshipVerticalSplitFundedHIROC_EMEA" time="0.085" classname="com.ibm.automation.DpEpassTestNG"/>
  <testcase name="TC_039_FPCreateRelatioshipDSO_DPO_Split_CAN" time="0.057" classname="com.ibm.automation.DpEpassTestNG"/>
</testsuite> <!-- com.ibm.automation.DpEpassTestNG -->
